<?xml version="1.0" encoding="UTF-8"?>
<testsuites name="End-To-End Test Positive Negative" time="76.665" tests="2" failures="0" errors="0">
   <testsuite name="End-To-End Test Positive Negative" tests="2" failures="0" errors="0" time="76.665" skipped="0" timestamp="29-04-2025T10:51:06" hostname="Admin - 172.28.231.150" id="Test Suites/End-To-End Test Positive Negative">
      <properties>
         <property name="deviceName" value=""/>
         <property name="devicePlatform"/>
         <property name="logFolder" value="C:\\Users\\Admin\\Katalon Studio\\Portofolio Katalon\\Reports\\20250429_105059\\End-To-End Test Positive Negative\\20250429_105100"/>
         <property name="logFiles" value="C:\\Users\\Admin\\Katalon Studio\\Portofolio Katalon\\Reports\\20250429_105059\\End-To-End Test Positive Negative\\20250429_105100\\execution0.log"/>
         <property name="attachments" value="C:\\Users\\Admin\\Katalon Studio\\Portofolio Katalon\\Reports\\20250429_105059\\End-To-End Test Positive Negative\\20250429_105100\\1745898711214.png, C:\\Users\\Admin\\Katalon Studio\\Portofolio Katalon\\Reports\\20250429_105059\\End-To-End Test Positive Negative\\20250429_105100\\1745898730985.png, C:\\Users\\Admin\\Katalon Studio\\Portofolio Katalon\\Reports\\20250429_105059\\End-To-End Test Positive Negative\\20250429_105100\\1745898743400.png"/>
         <property name="hostName" value="Admin - 172.28.231.150"/>
         <property name="os" value="Windows 11 64bit"/>
         <property name="katalonVersion" value="10.0.0.223"/>
         <property name="browser" value="Chrome 135.0.0.0"/>
         <property name="hostAddress" value="172.28.231.150"/>
         <property name="sessionId" value="997b95dc949e03142d26121f7985f389"/>
         <property name="seleniumVersion" value="4.22.0"/>
         <property name="proxyInformation" value="ProxyInformation { proxyOption=NO_PROXY, proxyServerType=HTTP, username=, password=********, proxyServerAddress=, proxyServerPort=0, executionList=&quot;&quot;, isApplyToDesiredCapabilities=true }"/>
         <property name="platform" value="Windows 11"/>
      </properties>
      <testcase name="Test Cases/1. Positive Case - Success Checkout" time="19.708" classname="Test Cases/1. Positive Case - Success Checkout" status="PASSED">
         <system-out><![CDATA[29-04-2025T10:51:51 - [TEST_CASE][PASSED] - Test Cases/1. Positive Case - Success Checkout: Test Cases/1. Positive Case - Success Checkout

29-04-2025T10:51:51 - [TEST_STEP][PASSED] - Start listener action : sampleBeforeTestSuite: login.logintopage is PASSED

29-04-2025T10:51:51 - [TEST_STEP][PASSED] - openBrowser(null): Browser is opened with url: 'null'

29-04-2025T10:51:51 - [MESSAGE][WARNING] - A browser is already opened. Closing browser and opening a new one

29-04-2025T10:51:51 - [MESSAGE][INFO] - Starting 'Chrome' driver

29-04-2025T10:51:51 - [MESSAGE][INFO] - Action delay is set to 0 milliseconds

29-04-2025T10:51:52 - [MESSAGE][PASSED] - Browser is opened with url: 'null'

29-04-2025T10:51:52 - [TEST_STEP][PASSED] - maximizeWindow(): Current window maximized

29-04-2025T10:51:52 - [MESSAGE][PASSED] - Current window maximized

29-04-2025T10:51:52 - [TEST_STEP][PASSED] - navigateToUrl(url): Navigate to 'https://www.saucedemo.com/v1/' successfully

29-04-2025T10:51:52 - [MESSAGE][PASSED] - Navigate to 'https://www.saucedemo.com/v1/' successfully

29-04-2025T10:51:52 - [TEST_STEP][PASSED] - login.logintopage(username, password): login.logintopage is PASSED

29-04-2025T10:51:53 - [MESSAGE][PASSED] - Text 'standard_user' is set on object 'Object Repository/1. Login Page/Input_Username'

29-04-2025T10:51:54 - [MESSAGE][PASSED] - Text 'secret_sauce' is set on object 'Object Repository/1. Login Page/Input_Password'

29-04-2025T10:51:56 - [MESSAGE][PASSED] - Object: 'Object Repository/1. Login Page/Button_Login' is clicked on

29-04-2025T10:51:56 - [MESSAGE][PASSED] - login.logintopage is PASSED

29-04-2025T10:51:56 - [TEST_STEP][PASSED] - click(findTestObject("Object Repository/2. Home Page/Button_Add To Cart")): Object: 'Object Repository/2. Home Page/Button_Add To Cart' is clicked on

29-04-2025T10:51:56 - [MESSAGE][PASSED] - Object: 'Object Repository/2. Home Page/Button_Add To Cart' is clicked on

29-04-2025T10:51:56 - [TEST_STEP][PASSED] - click(findTestObject("Object Repository/2. Home Page/Button_Shopping Cart")): Object: 'Object Repository/2. Home Page/Button_Shopping Cart' is clicked on

29-04-2025T10:51:57 - [MESSAGE][PASSED] - Object: 'Object Repository/2. Home Page/Button_Shopping Cart' is clicked on

29-04-2025T10:51:57 - [TEST_STEP][PASSED] - click(findTestObject("Object Repository/3. Cart Page/Button_Checkout")): Object: 'Object Repository/3. Cart Page/Button_Checkout' is clicked on

29-04-2025T10:52:07 - [MESSAGE][PASSED] - Object: 'Object Repository/3. Cart Page/Button_Checkout' is clicked on

29-04-2025T10:52:07 - [TEST_STEP][PASSED] - personalinfo.detailinformation("Nama Depan", "Belakang", "10000"): personalinfo.detailinformation is PASSED

29-04-2025T10:52:08 - [MESSAGE][PASSED] - Text 'Nama Depan' is set on object 'Object Repository/4. Personal Information Page/Input_First Name'

29-04-2025T10:52:08 - [MESSAGE][PASSED] - Text 'Belakang' is set on object 'Object Repository/4. Personal Information Page/Input_Last Name'

29-04-2025T10:52:09 - [MESSAGE][PASSED] - Text '10000' is set on object 'Object Repository/4. Personal Information Page/Input_Postal Code'

29-04-2025T10:52:09 - [MESSAGE][PASSED] - personalinfo.detailinformation is PASSED

29-04-2025T10:52:09 - [TEST_STEP][PASSED] - click(findTestObject("Object Repository/4. Personal Information Page/Button_Continue")): Object: 'Object Repository/4. Personal Information Page/Button_Continue' is clicked on

29-04-2025T10:52:09 - [MESSAGE][PASSED] - Object: 'Object Repository/4. Personal Information Page/Button_Continue' is clicked on

29-04-2025T10:52:09 - [TEST_STEP][PASSED] - click(findTestObject("Object Repository/5. Overview Page/Button_Finish")): Object: 'Object Repository/5. Overview Page/Button_Finish' is clicked on

29-04-2025T10:52:10 - [MESSAGE][PASSED] - Object: 'Object Repository/5. Overview Page/Button_Finish' is clicked on

29-04-2025T10:52:10 - [TEST_STEP][PASSED] - verifyElementPresent(findTestObject("Object Repository/5. Overview Page/Page_Success Checkout"), 5): Object 'Object Repository/5. Overview Page/Page_Success Checkout' is present

29-04-2025T10:52:10 - [MESSAGE][PASSED] - Object 'Object Repository/5. Overview Page/Page_Success Checkout' is present

29-04-2025T10:52:10 - [TEST_STEP][PASSED] - takeScreenshot(): Taking screenshot successfully

29-04-2025T10:52:11 - [MESSAGE][PASSED] - Taking screenshot successfully
[[ATTACHMENT|C:\\Users\\Admin\\Katalon Studio\\Portofolio Katalon\\Reports\\20250429_105059\\End-To-End Test Positive Negative\\20250429_105100\\1745898730985.png]]]]></system-out>
         <system-err><![CDATA[]]></system-err>
      </testcase>
      <testcase name="Test Cases/2. Negative Case - Unsuccess Checkout" time="12.407" classname="Test Cases/2. Negative Case - Unsuccess Checkout" status="PASSED">
         <system-out><![CDATA[29-04-2025T10:52:11 - [TEST_CASE][PASSED] - Test Cases/2. Negative Case - Unsuccess Checkout: Test Cases/2. Negative Case - Unsuccess Checkout

29-04-2025T10:52:11 - [TEST_STEP][PASSED] - Start listener action : sampleBeforeTestSuite: login.logintopage is PASSED

29-04-2025T10:52:11 - [TEST_STEP][PASSED] - openBrowser(null): Browser is opened with url: 'null'

29-04-2025T10:52:11 - [MESSAGE][WARNING] - A browser is already opened. Closing browser and opening a new one

29-04-2025T10:52:11 - [MESSAGE][INFO] - Starting 'Chrome' driver

29-04-2025T10:52:11 - [MESSAGE][INFO] - Action delay is set to 0 milliseconds

29-04-2025T10:52:11 - [MESSAGE][PASSED] - Browser is opened with url: 'null'

29-04-2025T10:52:11 - [TEST_STEP][PASSED] - maximizeWindow(): Current window maximized

29-04-2025T10:52:11 - [MESSAGE][PASSED] - Current window maximized

29-04-2025T10:52:11 - [TEST_STEP][PASSED] - navigateToUrl(url): Navigate to 'https://www.saucedemo.com/v1/' successfully

29-04-2025T10:52:12 - [MESSAGE][PASSED] - Navigate to 'https://www.saucedemo.com/v1/' successfully

29-04-2025T10:52:12 - [TEST_STEP][PASSED] - login.logintopage(username, password): login.logintopage is PASSED

29-04-2025T10:52:13 - [MESSAGE][PASSED] - Text 'standard_user' is set on object 'Object Repository/1. Login Page/Input_Username'

29-04-2025T10:52:14 - [MESSAGE][PASSED] - Text 'secret_sauce' is set on object 'Object Repository/1. Login Page/Input_Password'

29-04-2025T10:52:15 - [MESSAGE][PASSED] - Object: 'Object Repository/1. Login Page/Button_Login' is clicked on

29-04-2025T10:52:15 - [MESSAGE][PASSED] - login.logintopage is PASSED

29-04-2025T10:52:15 - [TEST_STEP][PASSED] - click(findTestObject("Object Repository/2. Home Page/Button_Add To Cart")): Object: 'Object Repository/2. Home Page/Button_Add To Cart' is clicked on

29-04-2025T10:52:15 - [MESSAGE][PASSED] - Object: 'Object Repository/2. Home Page/Button_Add To Cart' is clicked on

29-04-2025T10:52:15 - [TEST_STEP][PASSED] - click(findTestObject("Object Repository/2. Home Page/Button_Shopping Cart")): Object: 'Object Repository/2. Home Page/Button_Shopping Cart' is clicked on

29-04-2025T10:52:16 - [MESSAGE][PASSED] - Object: 'Object Repository/2. Home Page/Button_Shopping Cart' is clicked on

29-04-2025T10:52:16 - [TEST_STEP][PASSED] - click(findTestObject("Object Repository/3. Cart Page/Button_Checkout")): Object: 'Object Repository/3. Cart Page/Button_Checkout' is clicked on

29-04-2025T10:52:20 - [MESSAGE][PASSED] - Object: 'Object Repository/3. Cart Page/Button_Checkout' is clicked on

29-04-2025T10:52:20 - [TEST_STEP][PASSED] - personalinfo.detailinformation("", "", ""): personalinfo.detailinformation is PASSED

29-04-2025T10:52:21 - [MESSAGE][PASSED] - Text '' is set on object 'Object Repository/4. Personal Information Page/Input_First Name'

29-04-2025T10:52:21 - [MESSAGE][PASSED] - Text '' is set on object 'Object Repository/4. Personal Information Page/Input_Last Name'

29-04-2025T10:52:22 - [MESSAGE][PASSED] - Text '' is set on object 'Object Repository/4. Personal Information Page/Input_Postal Code'

29-04-2025T10:52:22 - [MESSAGE][PASSED] - personalinfo.detailinformation is PASSED

29-04-2025T10:52:22 - [TEST_STEP][PASSED] - click(findTestObject("Object Repository/4. Personal Information Page/Button_Continue")): Object: 'Object Repository/4. Personal Information Page/Button_Continue' is clicked on

29-04-2025T10:52:22 - [MESSAGE][PASSED] - Object: 'Object Repository/4. Personal Information Page/Button_Continue' is clicked on

29-04-2025T10:52:22 - [TEST_STEP][PASSED] - verifyElementPresent(findTestObject("Object Repository/4. Personal Information Page/Button_Error"), 5): Object 'Object Repository/4. Personal Information Page/Button_Error' is present

29-04-2025T10:52:23 - [MESSAGE][PASSED] - Object 'Object Repository/4. Personal Information Page/Button_Error' is present

29-04-2025T10:52:23 - [TEST_STEP][PASSED] - takeScreenshot(): Taking screenshot successfully

29-04-2025T10:52:23 - [MESSAGE][PASSED] - Taking screenshot successfully
[[ATTACHMENT|C:\\Users\\Admin\\Katalon Studio\\Portofolio Katalon\\Reports\\20250429_105059\\End-To-End Test Positive Negative\\20250429_105100\\1745898743400.png]]]]></system-out>
         <system-err><![CDATA[]]></system-err>
      </testcase>
      <system-out><![CDATA[29-04-2025T10:51:06 - [TEST_SUITE][FAILED] - End-To-End Test Positive Negative: Test Cases/1. Positive Case - Success Checkout FAILED.
Reason:
com.kms.katalon.core.exception.StepFailedException: Unable to click on object 'Object Repository/3. Cart Page/Button_Checkout'
	at com.kms.katalon.core.webui.keyword.internal.WebUIKeywordMain.stepFailed(WebUIKeywordMain.groovy:117)
	at com.kms.katalon.core.webui.keyword.internal.WebUIKeywordMain.runKeyword(WebUIKeywordMain.groovy:43)
	at com.kms.katalon.core.webui.keyword.builtin.ClickKeyword.click(ClickKeyword.groovy:75)
	at com.kms.katalon.core.webui.keyword.builtin.ClickKeyword.execute(ClickKeyword.groovy:40)
	at com.kms.katalon.core.keyword.internal.KeywordExecutor.executeKeywordForPlatform(KeywordExecutor.groovy:74)
	at com.kms.katalon.core.webui.keyword.WebUiBuiltInKeywords.click(WebUiBuiltInKeywords.groovy:696)
	at 1. Positive Case - Success Checkout.run(1. Positive Case - Success Checkout:24)
	at com.kms.katalon.core.main.ScriptEngine.run(ScriptEngine.java:194)
	at com.kms.katalon.core.main.ScriptEngine.runScriptAsRawText(ScriptEngine.java:119)
	at com.kms.katalon.core.main.TestCaseExecutor.runScript(TestCaseExecutor.java:448)
	at com.kms.katalon.core.main.TestCaseExecutor.doExecute(TestCaseExecutor.java:439)
	at com.kms.katalon.core.main.TestCaseExecutor.processExecutionPhase(TestCaseExecutor.java:418)
	at com.kms.katalon.core.main.TestCaseExecutor.accessMainPhase(TestCaseExecutor.java:410)
	at com.kms.katalon.core.main.TestCaseExecutor.execute(TestCaseExecutor.java:285)
	at com.kms.katalon.core.common.CommonExecutor.accessTestCaseMainPhase(CommonExecutor.java:65)
	at com.kms.katalon.core.main.TestSuiteExecutor.accessTestSuiteMainPhase(TestSuiteExecutor.java:161)
	at com.kms.katalon.core.main.TestSuiteExecutor.execute(TestSuiteExecutor.java:107)
	at com.kms.katalon.core.main.TestCaseMain.startTestSuite(TestCaseMain.java:176)
	at TempTestSuite1745898660802.run(TempTestSuite1745898660802.groovy:35)
	at java.base/jdk.internal.reflect.NativeMethodAccessorImpl.invoke0(Native Method)
	at java.base/jdk.internal.reflect.NativeMethodAccessorImpl.invoke(NativeMethodAccessorImpl.java:77)
	at java.base/jdk.internal.reflect.DelegatingMethodAccessorImpl.invoke(DelegatingMethodAccessorImpl.java:43)
Caused by: com.kms.katalon.core.webui.exception.WebElementNotFoundException: Web element with id: 'Object Repository/3. Cart Page/Button_Checkout' located by '//div[@class='cart_footer']//a[text()='CHECKOUT']' not found
	at com.kms.katalon.core.webui.common.WebUiCommonHelper.findWebElement(WebUiCommonHelper.java:1426)
	at com.kms.katalon.core.webui.keyword.internal.WebUIAbstractKeyword.findWebElement(WebUIAbstractKeyword.groovy:27)
	at com.kms.katalon.core.webui.keyword.builtin.ClickKeyword$_click_closure1.doCall(ClickKeyword.groovy:66)
	at com.kms.katalon.core.webui.keyword.builtin.ClickKeyword$_click_closure1.call(ClickKeyword.groovy)
	at com.kms.katalon.core.webui.keyword.internal.WebUIKeywordMain.runKeyword(WebUIKeywordMain.groovy:35)
	... 20 more]]></system-out>
      <system-err><![CDATA[29-04-2025T10:51:06 - [TEST_SUITE][FAILED] - End-To-End Test Positive Negative: Test Cases/1. Positive Case - Success Checkout FAILED.
Reason:
com.kms.katalon.core.exception.StepFailedException: Unable to click on object 'Object Repository/3. Cart Page/Button_Checkout'
	at com.kms.katalon.core.webui.keyword.internal.WebUIKeywordMain.stepFailed(WebUIKeywordMain.groovy:117)
	at com.kms.katalon.core.webui.keyword.internal.WebUIKeywordMain.runKeyword(WebUIKeywordMain.groovy:43)
	at com.kms.katalon.core.webui.keyword.builtin.ClickKeyword.click(ClickKeyword.groovy:75)
	at com.kms.katalon.core.webui.keyword.builtin.ClickKeyword.execute(ClickKeyword.groovy:40)
	at com.kms.katalon.core.keyword.internal.KeywordExecutor.executeKeywordForPlatform(KeywordExecutor.groovy:74)
	at com.kms.katalon.core.webui.keyword.WebUiBuiltInKeywords.click(WebUiBuiltInKeywords.groovy:696)
	at 1. Positive Case - Success Checkout.run(1. Positive Case - Success Checkout:24)
	at com.kms.katalon.core.main.ScriptEngine.run(ScriptEngine.java:194)
	at com.kms.katalon.core.main.ScriptEngine.runScriptAsRawText(ScriptEngine.java:119)
	at com.kms.katalon.core.main.TestCaseExecutor.runScript(TestCaseExecutor.java:448)
	at com.kms.katalon.core.main.TestCaseExecutor.doExecute(TestCaseExecutor.java:439)
	at com.kms.katalon.core.main.TestCaseExecutor.processExecutionPhase(TestCaseExecutor.java:418)
	at com.kms.katalon.core.main.TestCaseExecutor.accessMainPhase(TestCaseExecutor.java:410)
	at com.kms.katalon.core.main.TestCaseExecutor.execute(TestCaseExecutor.java:285)
	at com.kms.katalon.core.common.CommonExecutor.accessTestCaseMainPhase(CommonExecutor.java:65)
	at com.kms.katalon.core.main.TestSuiteExecutor.accessTestSuiteMainPhase(TestSuiteExecutor.java:161)
	at com.kms.katalon.core.main.TestSuiteExecutor.execute(TestSuiteExecutor.java:107)
	at com.kms.katalon.core.main.TestCaseMain.startTestSuite(TestCaseMain.java:176)
	at TempTestSuite1745898660802.run(TempTestSuite1745898660802.groovy:35)
	at java.base/jdk.internal.reflect.NativeMethodAccessorImpl.invoke0(Native Method)
	at java.base/jdk.internal.reflect.NativeMethodAccessorImpl.invoke(NativeMethodAccessorImpl.java:77)
	at java.base/jdk.internal.reflect.DelegatingMethodAccessorImpl.invoke(DelegatingMethodAccessorImpl.java:43)
Caused by: com.kms.katalon.core.webui.exception.WebElementNotFoundException: Web element with id: 'Object Repository/3. Cart Page/Button_Checkout' located by '//div[@class='cart_footer']//a[text()='CHECKOUT']' not found
	at com.kms.katalon.core.webui.common.WebUiCommonHelper.findWebElement(WebUiCommonHelper.java:1426)
	at com.kms.katalon.core.webui.keyword.internal.WebUIAbstractKeyword.findWebElement(WebUIAbstractKeyword.groovy:27)
	at com.kms.katalon.core.webui.keyword.builtin.ClickKeyword$_click_closure1.doCall(ClickKeyword.groovy:66)
	at com.kms.katalon.core.webui.keyword.builtin.ClickKeyword$_click_closure1.call(ClickKeyword.groovy)
	at com.kms.katalon.core.webui.keyword.internal.WebUIKeywordMain.runKeyword(WebUIKeywordMain.groovy:35)
	... 20 more]]></system-err>
   </testsuite>
</testsuites>
